#
# A fatal error has been detected by the Java Runtime Environment:
#
#  SIGSEGV (0xb) at pc=0x00007f595f78b193, pid=774, tid=140021649913600
#
# JRE version: 7.0_09-b30
# Java VM: OpenJDK 64-Bit Server VM (23.2-b09 mixed mode linux-amd64 compressed oops)
# Problematic frame:
# V  [libjvm.so+0x1d3193]  dlerror+0x1d3193
#
# Failed to write core dump. Core dumps have been disabled. To enable core dumping, try "ulimit -c unlimited" before starting Java again
#
# If you would like to submit a bug report, please include
# instructions on how to reproduce the bug and visit:
#   http://icedtea.classpath.org/bugzilla
#

---------------  T H R E A D  ---------------

Current thread (0x00007f5958105000):  JavaThread "C2 CompilerThread0" daemon [_thread_in_native, id=785, stack(0x00007f5954a43000,0x00007f5954b44000)]

siginfo:si_signo=SIGSEGV: si_errno=0, si_code=1 (SEGV_MAPERR), si_addr=0x00000002000000af

Registers:
RAX=0x00000001ffffffff, RBX=0x00007f59300fbc80, RCX=0x00000000fffff0e4, RDX=0x00007f5958105500
RSP=0x00007f5954b3fca0, RBP=0x00007f5954b3fce0, RSI=0x00007f5954b428e8, RDI=0x00007f59300dbcf8
R8 =0x00007f5958105530, R9 =0x000000000000001b, R10=0x0000000000000001, R11=0x0000000000000020
R12=0x00007f5954b421f0, R13=0x00007f5954b428e8, R14=0x0000000000000000, R15=0x0000000000000002
RIP=0x00007f595f78b193, EFLAGS=0x0000000000010206, CSGSFS=0x0000000000000033, ERR=0x0000000000000004
  TRAPNO=0x000000000000000e

Top of Stack: (sp=0x00007f5954b3fca0)
0x00007f5954b3fca0:   00007f59601efc50 00007f5954b42940
0x00007f5954b3fcb0:   00007f595508f860 00007f5955091f40
0x00007f5954b3fcc0:   00007f595509109c 00007f5958105500
0x00007f5954b3fcd0:   0000000000000000 00007f59300fbc80
0x00007f5954b3fce0:   00007f5954b3fe60 00007f595fcc4a52
0x00007f5954b3fcf0:   00007f5934068b90 00007f5900000004
0x00007f5954b3fd00:   0000000000000072 000000000000000c
0x00007f5954b3fd10:   00007f5934127668 00007f5900000005
0x00007f5954b3fd20:   00007f59fffff069 00007f5954b3fe90
0x00007f5954b3fd30:   00007f59340f5f00 000001c3341c0900
0x00007f5954b3fd40:   00017f5900000072 00007f59601efc50
0x00007f5954b3fd50:   0000000400000001 00007f59340f6620
0x00007f5954b3fd60:   0000000400000004 0000000b00001837
0x00007f5954b3fd70:   00007f5954b42320 00007f59341bcc90
0x00007f5954b3fd80:   000001c4000000fe 00007f59340f6d40
0x00007f5954b3fd90:   00007f59601b2dd0 00007f5934026a70
0x00007f5954b3fda0:   00007f5954b42940 00007f5954b428e8
0x00007f5954b3fdb0:   0000000000001837 00000000000000fe
0x00007f5954b3fdc0:   ffffffff00000001 00007f5900000000
0x00007f5954b3fdd0:   0000000000000000 0000000000000000
0x00007f5954b3fde0:   000000000000006c 0000000300001828
0x00007f5954b3fdf0:   000000000000183c 00007f5934026a60
0x00007f5954b3fe00:   00007f59601efc50 00007f5954b42940
0x00007f5954b3fe10:   00007f595508f860 00007f5955091f40
0x00007f5954b3fe20:   00007f5955091097 00007f5958105500
0x00007f5954b3fe30:   00007f5954b3fe60 00007f5954b421f0
0x00007f5954b3fe40:   00007f5954b409c0 00007f596023fdf0
0x00007f5954b3fe50:   00007f5954b3fe90 00007f5954b3ff20
0x00007f5954b3fe60:   00007f5954b415c0 00007f595f956050
0x00007f5954b3fe70:   00007f5958105410 0000000000000100
0x00007f5954b3fe80:   00007f59581ab8c0 00000000000000f5
0x00007f5954b3fe90:   0000000000000006 00007f5954b421f0 

Instructions: (pc=0x00007f595f78b193)
0x00007f595f78b173:   68 48 89 46 60 e8 83 59 06 00 48 8b 05 bc 1b aa
0x00007f595f78b183:   00 48 8b 7b 48 48 83 c0 10 48 89 45 c0 48 8b 07
0x00007f595f78b193:   ff 90 b0 00 00 00 48 8d 7d c0 31 d2 48 89 c6 e8
0x00007f595f78b1a3:   89 a2 06 00 48 83 c4 38 5b 5d c3 66 90 55 b8 05 

Register to memory mapping:

RAX=0x00000001ffffffff is an unknown value
RBX=0x00007f59300fbc80 is an unknown value
RCX=0x00000000fffff0e4 is an unallocated location in the heap
RDX=0x00007f5958105500 is an unknown value
RSP=0x00007f5954b3fca0 is pointing into the stack for thread: 0x00007f5958105000
RBP=0x00007f5954b3fce0 is pointing into the stack for thread: 0x00007f5958105000
RSI=0x00007f5954b428e8 is pointing into the stack for thread: 0x00007f5958105000
RDI=0x00007f59300dbcf8 is an unknown value
R8 =0x00007f5958105530 is an unknown value
R9 =0x000000000000001b is an unknown value
R10=0x0000000000000001 is an unknown value
R11=0x0000000000000020 is an unknown value
R12=0x00007f5954b421f0 is pointing into the stack for thread: 0x00007f5958105000
R13=0x00007f5954b428e8 is pointing into the stack for thread: 0x00007f5958105000
R14=0x0000000000000000 is an unknown value
R15=0x0000000000000002 is an unknown value


Stack: [0x00007f5954a43000,0x00007f5954b44000],  sp=0x00007f5954b3fca0,  free space=1011k
Native frames: (J=compiled Java code, j=interpreted, Vv=VM code, C=native code)
V  [libjvm.so+0x1d3193]  dlerror+0x1d3193
V  [libjvm.so+0x70ca52]  JVM_handle_linux_signal+0x93e2
V  [libjvm.so+0x39e050]  dlerror+0x39e050
V  [libjvm.so+0x3a2bb5]  dlerror+0x3a2bb5
V  [libjvm.so+0x319f60]  dlerror+0x319f60
V  [libjvm.so+0x3a8638]  dlerror+0x3a8638
V  [libjvm.so+0x3a937c]  dlerror+0x3a937c
V  [libjvm.so+0x817d62]  JVM_handle_linux_signal+0x1146f2
V  [libjvm.so+0x6faff2]  JVM_FindSignal+0x1862e2


Current CompileTask:
C2:   2119   64             sun.security.provider.X509Factory::readOneBlock (419 bytes)


---------------  P R O C E S S  ---------------

Java Threads: ( => current thread )
  0x00007f595810a000 JavaThread "Service Thread" daemon [_thread_blocked, id=787, stack(0x00007f5954841000,0x00007f5954942000)]
  0x00007f5958107800 JavaThread "C2 CompilerThread1" daemon [_thread_blocked, id=786, stack(0x00007f5954942000,0x00007f5954a43000)]
=>0x00007f5958105000 JavaThread "C2 CompilerThread0" daemon [_thread_in_native, id=785, stack(0x00007f5954a43000,0x00007f5954b44000)]
  0x00007f5958102800 JavaThread "Signal Dispatcher" daemon [_thread_blocked, id=784, stack(0x00007f5954b44000,0x00007f5954c45000)]
  0x00007f59580ac000 JavaThread "Finalizer" daemon [_thread_blocked, id=783, stack(0x00007f5954eff000,0x00007f5955000000)]
  0x00007f59580a9800 JavaThread "Reference Handler" daemon [_thread_blocked, id=782, stack(0x00007f595c0db000,0x00007f595c1dc000)]
  0x00007f5958007800 JavaThread "main" [_thread_in_Java, id=778, stack(0x00007f595ec77000,0x00007f595ed78000)]

Other Threads:
  0x00007f59580a1000 VMThread [stack: 0x00007f595c1dc000,0x00007f595c2dd000] [id=781]
  0x00007f5958114800 WatcherThread [stack: 0x00007f5954740000,0x00007f5954841000] [id=788]

VM state:not at safepoint (normal execution)

VM Mutex/Monitor currently owned by a thread: None

Heap
 PSYoungGen      total 6656K, used 6538K [0x00000000e0e00000, 0x00000000e1500000, 0x0000000100000000)
  eden space 6144K, 98% used [0x00000000e0e00000,0x00000000e13e2800,0x00000000e1400000)
  from space 512K, 100% used [0x00000000e1480000,0x00000000e1500000,0x00000000e1500000)
  to   space 512K, 0% used [0x00000000e1400000,0x00000000e1400000,0x00000000e1480000)
 ParOldGen       total 5504K, used 1550K [0x00000000a2a00000, 0x00000000a2f60000, 0x00000000e0e00000)
  object space 5504K, 28% used [0x00000000a2a00000,0x00000000a2b83a30,0x00000000a2f60000)
 PSPermGen       total 21248K, used 7327K [0x0000000098400000, 0x00000000998c0000, 0x00000000a2a00000)
  object space 21248K, 34% used [0x0000000098400000,0x0000000098b27f18,0x00000000998c0000)

Card table byte_map: [0x00007f595dee1000,0x00007f595e220000] byte_map_base: 0x00007f595da1f000

Polling page: 0x00007f5961087000

Code Cache  [0x00007f5955000000, 0x00007f5955270000, 0x00007f5958000000)
 total_blobs=355 nmethods=74 adapters=232 free_code_cache=48580Kb largest_free_block=49729216

Compilation events (10 events):
Event: 1,904 Thread 0x00007f5958107800   68             sun.security.util.DerValue::<init> (250 bytes)
Event: 1,940 Thread 0x00007f5958107800 nmethod 68 0x00007f5955087ed0 code [0x00007f59550880a0, 0x00007f5955088b68]
Event: 1,968 Thread 0x00007f5958107800   69             java.math.BigInteger::mulAdd (81 bytes)
Event: 1,971 Thread 0x00007f5958107800 nmethod 69 0x00007f595508ba50 code [0x00007f595508bb80, 0x00007f595508bd18]
Event: 1,988 Thread 0x00007f5958107800   70             sun.security.provider.SHA::implCompress (491 bytes)
Event: 2,040 Thread 0x00007f5958107800 nmethod 70 0x00007f5955086310 code [0x00007f5955086480, 0x00007f5955086e88]
Event: 2,052 Thread 0x00007f5958107800   71             java.lang.Integer::reverseBytes (26 bytes)
Event: 2,053 Thread 0x00007f5958107800 nmethod 71 0x00007f595508b850 code [0x00007f595508b980, 0x00007f595508b9f8]
Event: 2,055 Thread 0x00007f5958107800   73             java.util.HashMap::indexFor (6 bytes)
Event: 2,056 Thread 0x00007f5958107800 nmethod 73 0x00007f5955066b90 code [0x00007f5955066cc0, 0x00007f5955066cf8]

GC Heap History (4 events):
Event: 1,024 GC heap before
{Heap before GC invocations=1 (full 0):
 PSYoungGen      total 3584K, used 3062K [0x00000000e0e00000, 0x00000000e1200000, 0x0000000100000000)
  eden space 3072K, 99% used [0x00000000e0e00000,0x00000000e10fdac0,0x00000000e1100000)
  from space 512K, 0% used [0x00000000e1180000,0x00000000e1180000,0x00000000e1200000)
  to   space 512K, 0% used [0x00000000e1100000,0x00000000e1100000,0x00000000e1180000)
 ParOldGen       total 5504K, used 0K [0x00000000a2a00000, 0x00000000a2f60000, 0x00000000e0e00000)
  object space 5504K, 0% used [0x00000000a2a00000,0x00000000a2a00000,0x00000000a2f60000)
 PSPermGen       total 21248K, used 5231K [0x0000000098400000, 0x00000000998c0000, 0x00000000a2a00000)
  object space 21248K, 24% used [0x0000000098400000,0x000000009891bd30,0x00000000998c0000)
Event: 1,034 GC heap after
Heap after GC invocations=1 (full 0):
 PSYoungGen      total 3584K, used 487K [0x00000000e0e00000, 0x00000000e1500000, 0x0000000100000000)
  eden space 3072K, 0% used [0x00000000e0e00000,0x00000000e0e00000,0x00000000e1100000)
  from space 512K, 95% used [0x00000000e1100000,0x00000000e1179f70,0x00000000e1180000)
  to   space 512K, 0% used [0x00000000e1480000,0x00000000e1480000,0x00000000e1500000)
 ParOldGen       total 5504K, used 825K [0x00000000a2a00000, 0x00000000a2f60000, 0x00000000e0e00000)
  object space 5504K, 15% used [0x00000000a2a00000,0x00000000a2ace700,0x00000000a2f60000)
 PSPermGen       total 21248K, used 5231K [0x0000000098400000, 0x00000000998c0000, 0x00000000a2a00000)
  object space 21248K, 24% used [0x0000000098400000,0x000000009891bd30,0x00000000998c0000)
}
Event: 1,396 GC heap before
{Heap before GC invocations=2 (full 0):
 PSYoungGen      total 3584K, used 3559K [0x00000000e0e00000, 0x00000000e1500000, 0x0000000100000000)
  eden space 3072K, 100% used [0x00000000e0e00000,0x00000000e1100000,0x00000000e1100000)
  from space 512K, 95% used [0x00000000e1100000,0x00000000e1179f70,0x00000000e1180000)
  to   space 512K, 0% used [0x00000000e1480000,0x00000000e1480000,0x00000000e1500000)
 ParOldGen       total 5504K, used 825K [0x00000000a2a00000, 0x00000000a2f60000, 0x00000000e0e00000)
  object space 5504K, 15% used [0x00000000a2a00000,0x00000000a2ace700,0x00000000a2f60000)
 PSPermGen       total 21248K, used 6042K [0x0000000098400000, 0x00000000998c0000, 0x00000000a2a00000)
  object space 21248K, 28% used [0x0000000098400000,0x00000000989e68c0,0x00000000998c0000)
Event: 1,405 GC heap after
Heap after GC invocations=2 (full 0):
 PSYoungGen      total 6656K, used 512K [0x00000000e0e00000, 0x00000000e1500000, 0x0000000100000000)
  eden space 6144K, 0% used [0x00000000e0e00000,0x00000000e0e00000,0x00000000e1400000)
  from space 512K, 100% used [0x00000000e1480000,0x00000000e1500000,0x00000000e1500000)
  to   space 512K, 0% used [0x00000000e1400000,0x00000000e1400000,0x00000000e1480000)
 ParOldGen       total 5504K, used 1550K [0x00000000a2a00000, 0x00000000a2f60000, 0x00000000e0e00000)
  object space 5504K, 28% used [0x00000000a2a00000,0x00000000a2b83a30,0x00000000a2f60000)
 PSPermGen       total 21248K, used 6042K [0x0000000098400000, 0x00000000998c0000, 0x00000000a2a00000)
  object space 21248K, 28% used [0x0000000098400000,0x00000000989e68c0,0x00000000998c0000)
}

Deoptimization events (10 events):
Event: 0,450 Thread 0x00007f5958007800 Uncommon trap -34 fr.pc 0x00007f5955061c8c
Event: 0,450 Thread 0x00007f5958007800 Uncommon trap -34 fr.pc 0x00007f5955061c8c
Event: 0,450 Thread 0x00007f5958007800 Uncommon trap -34 fr.pc 0x00007f5955061c8c
Event: 0,519 Thread 0x00007f5958007800 Uncommon trap 140 fr.pc 0x00007f59550665d0
Event: 0,679 Thread 0x00007f5958007800 Uncommon trap -34 fr.pc 0x00007f595506559c
Event: 0,687 Thread 0x00007f5958007800 Uncommon trap -34 fr.pc 0x00007f595506559c
Event: 0,687 Thread 0x00007f5958007800 Uncommon trap -34 fr.pc 0x00007f595506559c
Event: 0,687 Thread 0x00007f5958007800 Uncommon trap -34 fr.pc 0x00007f595506559c
Event: 1,538 Thread 0x00007f5958007800 Uncommon trap 56 fr.pc 0x00007f59550734e0
Event: 1,641 Thread 0x00007f5958007800 Uncommon trap 535 fr.pc 0x00007f5955082eec

Internal exceptions (10 events):
Event: 0,570 Thread 0x00007f5958007800 Threw 0x00000000e0f879f0 at /build/src/icedtea-2.3.3/openjdk/hotspot/src/share/vm/prims/jvm.cpp:1166
Event: 0,570 Thread 0x00007f5958007800 Threw 0x00000000e0f888c0 at /build/src/icedtea-2.3.3/openjdk/hotspot/src/share/vm/prims/jvm.cpp:1166
Event: 0,570 Thread 0x00007f5958007800 Threw 0x00000000e0f88d30 at /build/src/icedtea-2.3.3/openjdk/hotspot/src/share/vm/prims/jvm.cpp:1166
Event: 1,115 Thread 0x00007f5958007800 Threw 0x00000000e0e58260 at /build/src/icedtea-2.3.3/openjdk/hotspot/src/share/vm/prims/jni.cpp:716
Event: 1,493 Thread 0x00007f5958007800 Threw 0x00000000e1050068 at /build/src/icedtea-2.3.3/openjdk/hotspot/src/share/vm/runtime/reflection.cpp:1039
Event: 2,068 Thread 0x00007f5958007800 Threw 0x00000000e1356c30 at /build/src/icedtea-2.3.3/openjdk/hotspot/src/share/vm/prims/jvm.cpp:1166
Event: 2,082 Thread 0x00007f5958007800 Threw 0x00000000e13c1838 at /build/src/icedtea-2.3.3/openjdk/hotspot/src/share/vm/prims/jvm.cpp:1166
Event: 2,083 Thread 0x00007f5958007800 Threw 0x00000000e13c7238 at /build/src/icedtea-2.3.3/openjdk/hotspot/src/share/vm/prims/jvm.cpp:1166
Event: 2,088 Thread 0x00007f5958007800 Threw 0x00000000e13c9238 at /build/src/icedtea-2.3.3/openjdk/hotspot/src/share/vm/prims/jvm.cpp:1166
Event: 2,092 Thread 0x00007f5958007800 Threw 0x00000000e13d2aa8 at /build/src/icedtea-2.3.3/openjdk/hotspot/src/share/vm/prims/jvm.cpp:1166

Events (10 events):
Event: 2,092 loading class 0x00007f5958431140
Event: 2,092 loading class 0x00007f5958431140 done
Event: 2,093 loading class 0x00007f59583cf650
Event: 2,093 loading class 0x00007f59583cf650 done
Event: 2,093 loading class 0x00007f5958431390
Event: 2,094 loading class 0x00007f5958431390 done
Event: 2,096 loading class 0x00007f5958341d80
Event: 2,096 loading class 0x00007f5958341d80 done
Event: 2,096 loading class 0x00007f59582911b0
Event: 2,096 loading class 0x00007f59582911b0 done


Dynamic libraries:
00400000-00401000 r-xp 00000000 08:01 1311767                            /usr/lib/jvm/java-7-openjdk/bin/jarsigner
00600000-00601000 rw-p 00000000 08:01 1311767                            /usr/lib/jvm/java-7-openjdk/bin/jarsigner
0135e000-0137f000 rw-p 00000000 00:00 0                                  [heap]
98400000-998c0000 rw-p 00000000 00:00 0 
998c0000-a2a00000 rw-p 00000000 00:00 0 
a2a00000-a2f60000 rw-p 00000000 00:00 0 
a2f60000-e0e00000 rw-p 00000000 00:00 0 
e0e00000-e1500000 rw-p 00000000 00:00 0 
e1500000-100000000 rw-p 00000000 00:00 0 
7f592636d000-7f5926380000 r-xp 00000000 08:01 131428                     /usr/lib/libresolv-2.16.so
7f5926380000-7f5926580000 ---p 00013000 08:01 131428                     /usr/lib/libresolv-2.16.so
7f5926580000-7f5926581000 r--p 00013000 08:01 131428                     /usr/lib/libresolv-2.16.so
7f5926581000-7f5926582000 rw-p 00014000 08:01 131428                     /usr/lib/libresolv-2.16.so
7f5926582000-7f5926584000 rw-p 00000000 00:00 0 
7f5926584000-7f59265e5000 r-xp 00000000 08:01 139291                     /usr/lib/libpcre.so.1.2.0
7f59265e5000-7f59267e5000 ---p 00061000 08:01 139291                     /usr/lib/libpcre.so.1.2.0
7f59267e5000-7f59267e6000 r--p 00061000 08:01 139291                     /usr/lib/libpcre.so.1.2.0
7f59267e6000-7f59267e7000 rw-p 00062000 08:01 139291                     /usr/lib/libpcre.so.1.2.0
7f59267e7000-7f59267ea000 r-xp 00000000 08:01 139477                     /usr/lib/libgmodule-2.0.so.0.3400.3
7f59267ea000-7f59269e9000 ---p 00003000 08:01 139477                     /usr/lib/libgmodule-2.0.so.0.3400.3
7f59269e9000-7f59269ea000 r--p 00002000 08:01 139477                     /usr/lib/libgmodule-2.0.so.0.3400.3
7f59269ea000-7f59269eb000 rw-p 00003000 08:01 139477                     /usr/lib/libgmodule-2.0.so.0.3400.3
7f59269eb000-7f59269f2000 r-xp 00000000 08:01 139436                     /usr/lib/libffi.so.6.0.0
7f59269f2000-7f5926bf1000 ---p 00007000 08:01 139436                     /usr/lib/libffi.so.6.0.0
7f5926bf1000-7f5926bf2000 r--p 00006000 08:01 139436                     /usr/lib/libffi.so.6.0.0
7f5926bf2000-7f5926bf3000 rw-p 00007000 08:01 139436                     /usr/lib/libffi.so.6.0.0
7f5926bf3000-7f5926bf4000 r-xp 00000000 08:01 139478                     /usr/lib/libgthread-2.0.so.0.3400.3
7f5926bf4000-7f5926df3000 ---p 00001000 08:01 139478                     /usr/lib/libgthread-2.0.so.0.3400.3
7f5926df3000-7f5926df4000 r--p 00000000 08:01 139478                     /usr/lib/libgthread-2.0.so.0.3400.3
7f5926df4000-7f5926df5000 rw-p 00001000 08:01 139478                     /usr/lib/libgthread-2.0.so.0.3400.3
7f5926df5000-7f5926ee9000 r-xp 00000000 08:01 139476                     /usr/lib/libglib-2.0.so.0.3400.3
7f5926ee9000-7f59270e8000 ---p 000f4000 08:01 139476                     /usr/lib/libglib-2.0.so.0.3400.3
7f59270e8000-7f59270e9000 r--p 000f3000 08:01 139476                     /usr/lib/libglib-2.0.so.0.3400.3
7f59270e9000-7f59270ea000 rw-p 000f4000 08:01 139476                     /usr/lib/libglib-2.0.so.0.3400.3
7f59270ea000-7f59270eb000 rw-p 00000000 00:00 0 
7f59270eb000-7f5927137000 r-xp 00000000 08:01 139479                     /usr/lib/libgobject-2.0.so.0.3400.3
7f5927137000-7f5927337000 ---p 0004c000 08:01 139479                     /usr/lib/libgobject-2.0.so.0.3400.3
7f5927337000-7f5927338000 r--p 0004c000 08:01 139479                     /usr/lib/libgobject-2.0.so.0.3400.3
7f5927338000-7f5927339000 rw-p 0004d000 08:01 139479                     /usr/lib/libgobject-2.0.so.0.3400.3
7f5927339000-7f5927485000 r-xp 00000000 08:01 139480                     /usr/lib/libgio-2.0.so.0.3400.3
7f5927485000-7f5927684000 ---p 0014c000 08:01 139480                     /usr/lib/libgio-2.0.so.0.3400.3
7f5927684000-7f5927688000 r--p 0014b000 08:01 139480                     /usr/lib/libgio-2.0.so.0.3400.3
7f5927688000-7f592768a000 rw-p 0014f000 08:01 139480                     /usr/lib/libgio-2.0.so.0.3400.3
7f592768a000-7f592768c000 rw-p 00000000 00:00 0 
7f59276ba000-7f59276d0000 r-xp 00000000 08:01 531981                     /usr/lib/jvm/java-7-openjdk/jre/lib/amd64/libnet.so
7f59276d0000-7f59278cf000 ---p 00016000 08:01 531981                     /usr/lib/jvm/java-7-openjdk/jre/lib/amd64/libnet.so
7f59278cf000-7f59278d0000 rw-p 00015000 08:01 531981                     /usr/lib/jvm/java-7-openjdk/jre/lib/amd64/libnet.so
7f59278d0000-7f59278e0000 r-xp 00000000 08:01 531982                     /usr/lib/jvm/java-7-openjdk/jre/lib/amd64/libnio.so
7f59278e0000-7f5927ae0000 ---p 00010000 08:01 531982                     /usr/lib/jvm/java-7-openjdk/jre/lib/amd64/libnio.so
7f5927ae0000-7f5927ae1000 rw-p 00010000 08:01 531982                     /usr/lib/jvm/java-7-openjdk/jre/lib/amd64/libnio.so
7f5927ae1000-7f5927b4e000 r-xp 00000000 08:01 132163                     /usr/lib/libfreebl3.so
7f5927b4e000-7f5927d4d000 ---p 0006d000 08:01 132163                     /usr/lib/libfreebl3.so
7f5927d4d000-7f5927d4f000 r--p 0006c000 08:01 132163                     /usr/lib/libfreebl3.so
7f5927d4f000-7f5927d50000 rw-p 0006e000 08:01 132163                     /usr/lib/libfreebl3.so
7f5927d50000-7f5927d54000 rw-p 00000000 00:00 0 
7f5927d54000-7f5927dfc000 r-xp 00000000 08:01 134343                     /usr/lib/libsqlite3.so.0.8.6
7f5927dfc000-7f5927ffb000 ---p 000a8000 08:01 134343                     /usr/lib/libsqlite3.so.0.8.6
7f5927ffb000-7f5927ffd000 r--p 000a7000 08:01 134343                     /usr/lib/libsqlite3.so.0.8.6
7f5927ffd000-7f5928000000 rw-p 000a9000 08:01 134343                     /usr/lib/libsqlite3.so.0.8.6
7f5928000000-7f5928021000 rw-p 00000000 00:00 0 
7f5928021000-7f592c000000 ---p 00000000 00:00 0 
7f592c000000-7f592c021000 rw-p 00000000 00:00 0 
7f592c021000-7f5930000000 ---p 00000000 00:00 0 
7f5930000000-7f59302ca000 rw-p 00000000 00:00 0 
7f59302ca000-7f5934000000 ---p 00000000 00:00 0 
7f5934000000-7f59342a5000 rw-p 00000000 00:00 0 
7f59342a5000-7f5938000000 ---p 00000000 00:00 0 
7f5938000000-7f5938021000 rw-p 00000000 00:00 0 
7f5938021000-7f593c000000 ---p 00000000 00:00 0 
7f593c000000-7f593c021000 rw-p 00000000 00:00 0 
7f593c021000-7f5940000000 ---p 00000000 00:00 0 
7f5940000000-7f5940021000 rw-p 00000000 00:00 0 
7f5940021000-7f5944000000 ---p 00000000 00:00 0 
7f5944000000-7f5944021000 rw-p 00000000 00:00 0 
7f5944021000-7f5948000000 ---p 00000000 00:00 0 
7f5948000000-7f5948021000 rw-p 00000000 00:00 0 
7f5948021000-7f594c000000 ---p 00000000 00:00 0 
7f594c16c000-7f594c1ac000 r-xp 00000000 08:01 132162                     /usr/lib/libsoftokn3.so
7f594c1ac000-7f594c3ab000 ---p 00040000 08:01 132162                     /usr/lib/libsoftokn3.so
7f594c3ab000-7f594c3ad000 r--p 0003f000 08:01 132162                     /usr/lib/libsoftokn3.so
7f594c3ad000-7f594c3ae000 rw-p 00041000 08:01 132162                     /usr/lib/libsoftokn3.so
7f594c3ae000-7f594c3e7000 r-xp 00000000 08:01 132144                     /usr/lib/libnspr4.so
7f594c3e7000-7f594c5e7000 ---p 00039000 08:01 132144                     /usr/lib/libnspr4.so
7f594c5e7000-7f594c5e8000 r--p 00039000 08:01 132144                     /usr/lib/libnspr4.so
7f594c5e8000-7f594c5ea000 rw-p 0003a000 08:01 132144                     /usr/lib/libnspr4.so
7f594c5ea000-7f594c5ec000 rw-p 00000000 00:00 0 
7f594c5ec000-7f594c5ef000 r-xp 00000000 08:01 132146                     /usr/lib/libplds4.so
7f594c5ef000-7f594c7ee000 ---p 00003000 08:01 132146                     /usr/lib/libplds4.so
7f594c7ee000-7f594c7ef000 r--p 00002000 08:01 132146                     /usr/lib/libplds4.so
7f594c7ef000-7f594c7f0000 rw-p 00003000 08:01 132146                     /usr/lib/libplds4.so
7f594c7f0000-7f594c7f4000 r-xp 00000000 08:01 132148                     /usr/lib/libplc4.so
7f594c7f4000-7f594c9f3000 ---p 00004000 08:01 132148                     /usr/lib/libplc4.so
7f594c9f3000-7f594c9f4000 r--p 00003000 08:01 132148                     /usr/lib/libplc4.so
7f594c9f4000-7f594c9f5000 rw-p 00004000 08:01 132148                     /usr/lib/libplc4.so
7f594c9f5000-7f594ca1a000 r-xp 00000000 08:01 132165                     /usr/lib/libnssutil3.so
7f594ca1a000-7f594cc19000 ---p 00025000 08:01 132165                     /usr/lib/libnssutil3.so
7f594cc19000-7f594cc1f000 r--p 00024000 08:01 132165                     /usr/lib/libnssutil3.so
7f594cc1f000-7f594cc20000 rw-p 0002a000 08:01 132165                     /usr/lib/libnssutil3.so
7f594cc20000-7f5950000000 rw-p 00000000 00:00 0 
7f5950000000-7f5950021000 rw-p 00000000 00:00 0 
7f5950021000-7f5954000000 ---p 00000000 00:00 0 
7f59541a7000-7f59541f6000 rw-p 00000000 00:00 0 
7f59541f6000-7f5954328000 r-xp 00000000 08:01 132164                     /usr/lib/libnss3.so
7f5954328000-7f5954527000 ---p 00132000 08:01 132164                     /usr/lib/libnss3.so
7f5954527000-7f595452c000 r--p 00131000 08:01 132164                     /usr/lib/libnss3.so
7f595452c000-7f595452f000 rw-p 00136000 08:01 132164                     /usr/lib/libnss3.so
7f595452f000-7f5954530000 rw-p 00000000 00:00 0 
7f5954530000-7f5954540000 r-xp 00000000 08:01 531980                     /usr/lib/jvm/java-7-openjdk/jre/lib/amd64/libj2pkcs11.so
7f5954540000-7f595473f000 ---p 00010000 08:01 531980                     /usr/lib/jvm/java-7-openjdk/jre/lib/amd64/libj2pkcs11.so
7f595473f000-7f5954740000 rw-p 0000f000 08:01 531980                     /usr/lib/jvm/java-7-openjdk/jre/lib/amd64/libj2pkcs11.so
7f5954740000-7f5954741000 ---p 00000000 00:00 0 
7f5954741000-7f5954841000 rw-p 00000000 00:00 0                          [stack:788]
7f5954841000-7f5954844000 ---p 00000000 00:00 0 
7f5954844000-7f5954942000 rw-p 00000000 00:00 0                          [stack:787]
7f5954942000-7f5954945000 ---p 00000000 00:00 0 
7f5954945000-7f5954a43000 rw-p 00000000 00:00 0                          [stack:786]
7f5954a43000-7f5954a46000 ---p 00000000 00:00 0 
7f5954a46000-7f5954b44000 rw-p 00000000 00:00 0                          [stack:785]
7f5954b44000-7f5954b47000 ---p 00000000 00:00 0 
7f5954b47000-7f5954c45000 rw-p 00000000 00:00 0                          [stack:784]
7f5954c45000-7f5954eff000 r--p 00000000 08:01 134235                     /usr/lib/locale/locale-archive
7f5954eff000-7f5954f02000 ---p 00000000 00:00 0 
7f5954f02000-7f5955000000 rw-p 00000000 00:00 0                          [stack:783]
7f5955000000-7f5955270000 rwxp 00000000 00:00 0 
7f5955270000-7f595843d000 rw-p 00000000 00:00 0 
7f595843d000-7f595c000000 ---p 00000000 00:00 0 
7f595c03f000-7f595c070000 rw-p 00000000 00:00 0 
7f595c070000-7f595c0db000 r--s 00698000 08:01 1311728                    /usr/lib/jvm/java-7-openjdk/lib/tools.jar
7f595c0db000-7f595c0de000 ---p 00000000 00:00 0 
7f595c0de000-7f595c1dc000 rw-p 00000000 00:00 0                          [stack:782]
7f595c1dc000-7f595c1dd000 ---p 00000000 00:00 0 
7f595c1dd000-7f595cc49000 rw-p 00000000 00:00 0                          [stack:781]
7f595cc49000-7f595cdf5000 r--s 01cd9000 08:01 397681                     /usr/lib/jvm/java-7-openjdk/jre/lib/rt.jar
7f595cdf5000-7f595daed000 rw-p 00000000 00:00 0 
7f595daed000-7f595daee000 ---p 00000000 00:00 0 
7f595daee000-7f595dbee000 rw-p 00000000 00:00 0                          [stack:780]
7f595dbee000-7f595dbef000 ---p 00000000 00:00 0 
7f595dbef000-7f595dcf2000 rw-p 00000000 00:00 0                          [stack:779]
7f595dcf2000-7f595dee1000 rw-p 00000000 00:00 0 
7f595dee1000-7f595deec000 rw-p 00000000 00:00 0 
7f595deec000-7f595df34000 rw-p 00000000 00:00 0 
7f595df34000-7f595df37000 rw-p 00000000 00:00 0 
7f595df37000-7f595e126000 rw-p 00000000 00:00 0 
7f595e126000-7f595e12a000 rw-p 00000000 00:00 0 
7f595e12a000-7f595e21f000 rw-p 00000000 00:00 0 
7f595e21f000-7f595e220000 rw-p 00000000 00:00 0 
7f595e220000-7f595e228000 r-xp 00000000 08:01 531990                     /usr/lib/jvm/java-7-openjdk/jre/lib/amd64/libzip.so
7f595e228000-7f595e427000 ---p 00008000 08:01 531990                     /usr/lib/jvm/java-7-openjdk/jre/lib/amd64/libzip.so
7f595e427000-7f595e428000 rw-p 00007000 08:01 531990                     /usr/lib/jvm/java-7-openjdk/jre/lib/amd64/libzip.so
7f595e428000-7f595e434000 r-xp 00000000 08:01 131402                     /usr/lib/libnss_files-2.16.so
7f595e434000-7f595e633000 ---p 0000c000 08:01 131402                     /usr/lib/libnss_files-2.16.so
7f595e633000-7f595e634000 r--p 0000b000 08:01 131402                     /usr/lib/libnss_files-2.16.so
7f595e634000-7f595e635000 rw-p 0000c000 08:01 131402                     /usr/lib/libnss_files-2.16.so
7f595e635000-7f595e65f000 r-xp 00000000 08:01 532213                     /usr/lib/jvm/java-7-openjdk/jre/lib/amd64/libjava.so
7f595e65f000-7f595e85f000 ---p 0002a000 08:01 532213                     /usr/lib/jvm/java-7-openjdk/jre/lib/amd64/libjava.so
7f595e85f000-7f595e861000 rw-p 0002a000 08:01 532213                     /usr/lib/jvm/java-7-openjdk/jre/lib/amd64/libjava.so
7f595e861000-7f595e86e000 r-xp 00000000 08:01 531987                     /usr/lib/jvm/java-7-openjdk/jre/lib/amd64/libverify.so
7f595e86e000-7f595ea6d000 ---p 0000d000 08:01 531987                     /usr/lib/jvm/java-7-openjdk/jre/lib/amd64/libverify.so
7f595ea6d000-7f595ea6f000 rw-p 0000c000 08:01 531987                     /usr/lib/jvm/java-7-openjdk/jre/lib/amd64/libverify.so
7f595ea6f000-7f595ea76000 r-xp 00000000 08:01 131401                     /usr/lib/librt-2.16.so
7f595ea76000-7f595ec75000 ---p 00007000 08:01 131401                     /usr/lib/librt-2.16.so
7f595ec75000-7f595ec76000 r--p 00006000 08:01 131401                     /usr/lib/librt-2.16.so
7f595ec76000-7f595ec77000 rw-p 00007000 08:01 131401                     /usr/lib/librt-2.16.so
7f595ec77000-7f595ec7a000 ---p 00000000 00:00 0 
7f595ec7a000-7f595ed78000 rw-p 00000000 00:00 0                          [stack:778]
7f595ed78000-7f595ed8d000 r-xp 00000000 08:01 131474                     /usr/lib/libgcc_s.so.1
7f595ed8d000-7f595ef8c000 ---p 00015000 08:01 131474                     /usr/lib/libgcc_s.so.1
7f595ef8c000-7f595ef8d000 rw-p 00014000 08:01 131474                     /usr/lib/libgcc_s.so.1
7f595ef8d000-7f595f086000 r-xp 00000000 08:01 131391                     /usr/lib/libm-2.16.so
7f595f086000-7f595f285000 ---p 000f9000 08:01 131391                     /usr/lib/libm-2.16.so
7f595f285000-7f595f286000 r--p 000f8000 08:01 131391                     /usr/lib/libm-2.16.so
7f595f286000-7f595f287000 rw-p 000f9000 08:01 131391                     /usr/lib/libm-2.16.so
7f595f287000-7f595f36c000 r-xp 00000000 08:01 131478                     /usr/lib/libstdc++.so.6.0.17
7f595f36c000-7f595f56b000 ---p 000e5000 08:01 131478                     /usr/lib/libstdc++.so.6.0.17
7f595f56b000-7f595f573000 r--p 000e4000 08:01 131478                     /usr/lib/libstdc++.so.6.0.17
7f595f573000-7f595f575000 rw-p 000ec000 08:01 131478                     /usr/lib/libstdc++.so.6.0.17
7f595f575000-7f595f58a000 rw-p 00000000 00:00 0 
7f595f5b8000-7f595ffb3000 r-xp 00000000 08:01 922813                     /usr/lib/jvm/java-7-openjdk/jre/lib/amd64/server/libjvm.so
7f595ffb3000-7f59601b2000 ---p 009fb000 08:01 922813                     /usr/lib/jvm/java-7-openjdk/jre/lib/amd64/server/libjvm.so
7f59601b2000-7f5960253000 rw-p 009fa000 08:01 922813                     /usr/lib/jvm/java-7-openjdk/jre/lib/amd64/server/libjvm.so
7f5960253000-7f596027e000 rw-p 00000000 00:00 0 
7f596027e000-7f596041b000 r-xp 00000000 08:01 131405                     /usr/lib/libc-2.16.so
7f596041b000-7f596061b000 ---p 0019d000 08:01 131405                     /usr/lib/libc-2.16.so
7f596061b000-7f596061f000 r--p 0019d000 08:01 131405                     /usr/lib/libc-2.16.so
7f596061f000-7f5960621000 rw-p 001a1000 08:01 131405                     /usr/lib/libc-2.16.so
7f5960621000-7f5960625000 rw-p 00000000 00:00 0 
7f5960625000-7f5960628000 r-xp 00000000 08:01 131417                     /usr/lib/libdl-2.16.so
7f5960628000-7f5960827000 ---p 00003000 08:01 131417                     /usr/lib/libdl-2.16.so
7f5960827000-7f5960828000 r--p 00002000 08:01 131417                     /usr/lib/libdl-2.16.so
7f5960828000-7f5960829000 rw-p 00003000 08:01 131417                     /usr/lib/libdl-2.16.so
7f5960829000-7f596083e000 r-xp 00000000 08:01 137397                     /usr/lib/libz.so.1.2.7
7f596083e000-7f5960a3d000 ---p 00015000 08:01 137397                     /usr/lib/libz.so.1.2.7
7f5960a3d000-7f5960a3e000 r--p 00014000 08:01 137397                     /usr/lib/libz.so.1.2.7
7f5960a3e000-7f5960a3f000 rw-p 00015000 08:01 137397                     /usr/lib/libz.so.1.2.7
7f5960a3f000-7f5960a4b000 r-xp 00000000 08:01 799706                     /usr/lib/jvm/java-7-openjdk/jre/lib/amd64/jli/libjli.so
7f5960a4b000-7f5960c4b000 ---p 0000c000 08:01 799706                     /usr/lib/jvm/java-7-openjdk/jre/lib/amd64/jli/libjli.so
7f5960c4b000-7f5960c4c000 rw-p 0000c000 08:01 799706                     /usr/lib/jvm/java-7-openjdk/jre/lib/amd64/jli/libjli.so
7f5960c4c000-7f5960c63000 r-xp 00000000 08:01 131411                     /usr/lib/libpthread-2.16.so
7f5960c63000-7f5960e62000 ---p 00017000 08:01 131411                     /usr/lib/libpthread-2.16.so
7f5960e62000-7f5960e63000 r--p 00016000 08:01 131411                     /usr/lib/libpthread-2.16.so
7f5960e63000-7f5960e64000 rw-p 00017000 08:01 131411                     /usr/lib/libpthread-2.16.so
7f5960e64000-7f5960e68000 rw-p 00000000 00:00 0 
7f5960e68000-7f5960e89000 r-xp 00000000 08:01 131439                     /usr/lib/ld-2.16.so
7f5960eb5000-7f5960eb6000 rw-p 00000000 00:00 0 
7f5960eb6000-7f5960eb8000 r--s 00003000 08:01 2623565                    /home/prok/git/HE/builder/target/builder-1.4.1-SNAPSHOT.jar
7f5960eb8000-7f5960ec1000 r--s 000bc000 08:01 397677                     /usr/lib/jvm/java-7-openjdk/jre/lib/resources.jar
7f5960ec1000-7f5960ec4000 r--s 0000f000 08:01 532229                     /usr/lib/jvm/java-7-openjdk/jre/lib/ext/pulse-java.jar
7f5960ec4000-7f5960ec7000 r--s 0003c000 08:01 532227                     /usr/lib/jvm/java-7-openjdk/jre/lib/ext/sunpkcs11.jar
7f5960ec7000-7f5960eca000 r--s 00014000 08:01 397688                     /usr/lib/jvm/java-7-openjdk/jre/lib/jce.jar
7f5960eca000-7f5960ecf000 r--s 0004b000 08:01 397671                     /usr/lib/jvm/java-7-openjdk/jre/lib/jsse.jar
7f5960ecf000-7f5960f46000 rw-p 00000000 00:00 0 
7f5960f46000-7f5960f8e000 rw-p 00000000 00:00 0 
7f5960f8e000-7f5960f98000 rw-p 00000000 00:00 0 
7f5960f98000-7f596104e000 rw-p 00000000 00:00 0 
7f596104e000-7f5961056000 rw-s 00000000 00:1c 12942                      /tmp/hsperfdata_prok/774
7f5961056000-7f596105a000 rw-p 00000000 00:00 0 
7f596105b000-7f596105e000 r--s 00032000 08:01 532228                     /usr/lib/jvm/java-7-openjdk/jre/lib/ext/sunjce_provider.jar
7f596105e000-7f5961087000 rw-p 00000000 00:00 0 
7f5961087000-7f5961088000 r--p 00000000 00:00 0 
7f5961088000-7f5961089000 rw-p 00000000 00:00 0 
7f5961089000-7f596108a000 r--p 00021000 08:01 131439                     /usr/lib/ld-2.16.so
7f596108a000-7f596108b000 rw-p 00022000 08:01 131439                     /usr/lib/ld-2.16.so
7f596108b000-7f596108c000 rw-p 00000000 00:00 0 
7fff84f0f000-7fff84f30000 rw-p 00000000 00:00 0                          [stack]
7fff84fff000-7fff85000000 r-xp 00000000 00:00 0                          [vdso]
ffffffffff600000-ffffffffff601000 r-xp 00000000 00:00 0                  [vsyscall]

VM Arguments:
jvm_args: -Dapplication.home=/usr/lib/jvm/java-7-openjdk -Xms8m 
java_command: sun.security.tools.JarSigner -sigalg MD5withRSA -digestalg SHA1 -keystore /home/prok/.m2/holoeverywhere.jks -storepass p62ctjrVoolhitVh0e8wm7s6HxLWVm -keypass hZLqu5pYZRhUjiOFufQ6fJuosMvcKc /home/prok/git/HE/builder/target/builder-1.4.1-SNAPSHOT.jar holoeverywhere
Launcher Type: SUN_STANDARD

Environment Variables:
JAVA_HOME=/usr/lib/jvm/java-7-openjdk
PATH=/usr/local/bin:/usr/bin:/bin:/usr/local/sbin:/usr/sbin:/sbin:/usr/bin/vendor_perl:/usr/bin/core_perl:/opt/qt/bin:/home/prok/android-sdk/tools:/home/prok/android-sdk/platform-tools:/home/prok/android-ndk
USERNAME=prok
SHELL=/bin/bash
DISPLAY=:0

Signal Handlers:
SIGSEGV: [libjvm.so+0x858f60], sa_mask[0]=0x7ffbfeff, sa_flags=0x10000004
SIGBUS: [libjvm.so+0x858f60], sa_mask[0]=0x7ffbfeff, sa_flags=0x10000004
SIGFPE: [libjvm.so+0x6f9810], sa_mask[0]=0x7ffbfeff, sa_flags=0x10000004
SIGPIPE: SIG_IGN, sa_mask[0]=0x00000000, sa_flags=0x00000000
SIGXFSZ: [libjvm.so+0x6f9810], sa_mask[0]=0x7ffbfeff, sa_flags=0x10000004
SIGILL: [libjvm.so+0x6f9810], sa_mask[0]=0x7ffbfeff, sa_flags=0x10000004
SIGUSR1: SIG_DFL, sa_mask[0]=0x00000000, sa_flags=0x00000000
SIGUSR2: [libjvm.so+0x6f9a60], sa_mask[0]=0x00000004, sa_flags=0x10000004
SIGHUP: [libjvm.so+0x6f9ba0], sa_mask[0]=0x7ffbfeff, sa_flags=0x10000004
SIGINT: [libjvm.so+0x6f9ba0], sa_mask[0]=0x7ffbfeff, sa_flags=0x10000004
SIGTERM: [libjvm.so+0x6f9ba0], sa_mask[0]=0x7ffbfeff, sa_flags=0x10000004
SIGQUIT: [libjvm.so+0x6f9ba0], sa_mask[0]=0x7ffbfeff, sa_flags=0x10000004


---------------  S Y S T E M  ---------------

OS:Linux
uname:Linux 3.7.1-2-ARCH #1 SMP PREEMPT Thu Dec 20 17:57:00 CET 2012 x86_64
libc:glibc 2.16 NPTL 2.16 
rlimit: STACK 8192k, CORE 0k, NPROC 47217, NOFILE 4096, AS infinity
load average:2,13 0,86 0,33

/proc/meminfo:
MemTotal:        6115228 kB
MemFree:         4832444 kB
Buffers:           75024 kB
Cached:           302952 kB
SwapCached:            0 kB
Active:           826872 kB
Inactive:         295804 kB
Active(anon):     752348 kB
Inactive(anon):    18440 kB
Active(file):      74524 kB
Inactive(file):   277364 kB
Unevictable:         132 kB
Mlocked:             132 kB
SwapTotal:             0 kB
SwapFree:              0 kB
Dirty:               992 kB
Writeback:             0 kB
AnonPages:        722292 kB
Mapped:           130604 kB
Shmem:             26028 kB
Slab:              45304 kB
SReclaimable:      29884 kB
SUnreclaim:        15420 kB
KernelStack:        2512 kB
PageTables:        14048 kB
NFS_Unstable:          0 kB
Bounce:                0 kB
WritebackTmp:          0 kB
CommitLimit:     3057612 kB
Committed_AS:    2051980 kB
VmallocTotal:   34359738367 kB
VmallocUsed:      335344 kB
VmallocChunk:   34359388155 kB
HardwareCorrupted:     0 kB
AnonHugePages:    342016 kB
HugePages_Total:       0
HugePages_Free:        0
HugePages_Rsvd:        0
HugePages_Surp:        0
Hugepagesize:       2048 kB
DirectMap4k:       62976 kB
DirectMap2M:     6227968 kB


CPU:total 2 (2 cores per cpu, 1 threads per core) family 15 model 107 stepping 2, cmov, cx8, fxsr, mmx, sse, sse2, sse3, mmxext, 3dnowpref, tsc

/proc/cpuinfo:
processor	: 0
vendor_id	: AuthenticAMD
cpu family	: 15
model		: 107
model name	: AMD Athlon(tm) 64 X2 Dual Core Processor 5200+
stepping	: 2
cpu MHz		: 2700.000
cache size	: 512 KB
physical id	: 0
siblings	: 2
core id		: 0
cpu cores	: 2
apicid		: 0
initial apicid	: 0
fpu		: yes
fpu_exception	: yes
cpuid level	: 1
wp		: yes
flags		: fpu vme de pse tsc msr pae mce cx8 apic sep mtrr pge mca cmov pat pse36 clflush mmx fxsr sse sse2 ht syscall nx mmxext fxsr_opt rdtscp lm 3dnowext 3dnow rep_good nopl extd_apicid pni cx16 lahf_lm cmp_legacy svm extapic cr8_legacy 3dnowprefetch lbrv
bogomips	: 5414.72
TLB size	: 1024 4K pages
clflush size	: 64
cache_alignment	: 64
address sizes	: 40 bits physical, 48 bits virtual
power management: ts fid vid ttp tm stc 100mhzsteps

processor	: 1
vendor_id	: AuthenticAMD
cpu family	: 15
model		: 107
model name	: AMD Athlon(tm) 64 X2 Dual Core Processor 5200+
stepping	: 2
cpu MHz		: 2700.000
cache size	: 512 KB
physical id	: 0
siblings	: 2
core id		: 1
cpu cores	: 2
apicid		: 1
initial apicid	: 1
fpu		: yes
fpu_exception	: yes
cpuid level	: 1
wp		: yes
flags		: fpu vme de pse tsc msr pae mce cx8 apic sep mtrr pge mca cmov pat pse36 clflush mmx fxsr sse sse2 ht syscall nx mmxext fxsr_opt rdtscp lm 3dnowext 3dnow rep_good nopl extd_apicid pni cx16 lahf_lm cmp_legacy svm extapic cr8_legacy 3dnowprefetch lbrv
bogomips	: 5414.72
TLB size	: 1024 4K pages
clflush size	: 64
cache_alignment	: 64
address sizes	: 40 bits physical, 48 bits virtual
power management: ts fid vid ttp tm stc 100mhzsteps



Memory: 4k page, physical 6115228k(4832444k free), swap 0k(0k free)

vm_info: OpenJDK 64-Bit Server VM (23.2-b09) for linux-amd64 JRE (1.7.0_09-b30), built on Oct 18 2012 18:11:43 by "nobody" with gcc 4.7.2

time: Wed Dec 26 20:21:50 2012
elapsed time: 2 seconds

